<?xml version="1.0" encoding="utf-8"?><testsuites name="pytest tests"><testsuite name="pytest" errors="0" failures="0" skipped="3" tests="12" time="6.823" timestamp="2026-03-01T18:12:43.205146+00:00" hostname="agent-env-357b3d94-6c08-470a-a884-eeb1a9dfb7f9"><testcase classname="tests.test_quality_features.TestProductionLogRejection" name="test_create_production_log_with_rejection" time="0.893" /><testcase classname="tests.test_quality_features.TestProductionLogRejection" name="test_reject_negative_quantity" time="0.792" /><testcase classname="tests.test_quality_features.TestProductionLogRejection" name="test_reject_rejection_exceeding_produced" time="0.104"><skipped type="pytest.skip" message="Failed to register test user">/app/backend/tests/test_quality_features.py:156: Failed to register test user</skipped></testcase><testcase classname="tests.test_quality_features.TestProductionLogRejection" name="test_production_without_rejection" time="0.791" /><testcase classname="tests.test_quality_features.TestProductionLogCRUD" name="test_get_production_logs" time="0.114"><skipped type="pytest.skip" message="Failed to register test user">/app/backend/tests/test_quality_features.py:215: Failed to register test user</skipped></testcase><testcase classname="tests.test_quality_features.TestProductionLogCRUD" name="test_update_production_log_rejection" time="0.129"><skipped type="pytest.skip" message="Failed to register test user">/app/backend/tests/test_quality_features.py:223: Failed to register test user</skipped></testcase><testcase classname="tests.test_quality_features.TestProductionLogCRUD" name="test_delete_production_log" time="0.902" /><testcase classname="tests.test_quality_features.TestAuthEndpoints" name="test_register_endpoint" time="0.342" /><testcase classname="tests.test_quality_features.TestAuthEndpoints" name="test_login_endpoint" time="0.613" /><testcase classname="tests.test_quality_features.TestDataEndpoints" name="test_get_orders" time="0.702" /><testcase classname="tests.test_quality_features.TestDataEndpoints" name="test_get_work_centers" time="0.710" /><testcase classname="tests.test_quality_features.TestDataEndpoints" name="test_get_parts" time="0.662" /></testsuite></testsuites>