<?xml version="1.0" encoding="utf-8"?><testsuites name="pytest tests"><testsuite name="pytest" errors="0" failures="1" skipped="11" tests="12" time="3.632" timestamp="2026-03-01T18:11:59.229783+00:00" hostname="agent-env-357b3d94-6c08-470a-a884-eeb1a9dfb7f9"><testcase classname="tests.test_quality_features.TestProductionLogRejection" name="test_create_production_log_with_rejection" time="0.536"><skipped type="pytest.skip" message="Failed to register test user">/app/backend/tests/test_quality_features.py:109: Failed to register test user</skipped></testcase><testcase classname="tests.test_quality_features.TestProductionLogRejection" name="test_reject_negative_quantity" time="0.112"><skipped type="pytest.skip" message="Failed to register test user">/app/backend/tests/test_quality_features.py:129: Failed to register test user</skipped></testcase><testcase classname="tests.test_quality_features.TestProductionLogRejection" name="test_reject_rejection_exceeding_produced" time="0.344"><skipped type="pytest.skip" message="Failed to register test user">/app/backend/tests/test_quality_features.py:145: Failed to register test user</skipped></testcase><testcase classname="tests.test_quality_features.TestProductionLogRejection" name="test_production_without_rejection" time="0.141"><skipped type="pytest.skip" message="Failed to register test user">/app/backend/tests/test_quality_features.py:161: Failed to register test user</skipped></testcase><testcase classname="tests.test_quality_features.TestProductionLogCRUD" name="test_get_production_logs" time="0.145"><skipped type="pytest.skip" message="Failed to register test user">/app/backend/tests/test_quality_features.py:204: Failed to register test user</skipped></testcase><testcase classname="tests.test_quality_features.TestProductionLogCRUD" name="test_update_production_log_rejection" time="0.115"><skipped type="pytest.skip" message="Failed to register test user">/app/backend/tests/test_quality_features.py:212: Failed to register test user</skipped></testcase><testcase classname="tests.test_quality_features.TestProductionLogCRUD" name="test_delete_production_log" time="0.688"><skipped type="pytest.skip" message="Failed to register test user">/app/backend/tests/test_quality_features.py:239: Failed to register test user</skipped></testcase><testcase classname="tests.test_quality_features.TestAuthEndpoints" name="test_register_endpoint" time="0.438"><failure message="assert 201 == 200&#10; +  where 201 = &lt;Response [201]&gt;.status_code">tests/test_quality_features.py:279: in test_register_endpoint
    assert response.status_code == 200
E   assert 201 == 200
E    +  where 201 = &lt;Response [201]&gt;.status_code</failure></testcase><testcase classname="tests.test_quality_features.TestAuthEndpoints" name="test_login_endpoint" time="0.346"><skipped type="pytest.skip" message="Registration failed">/app/backend/tests/test_quality_features.py:300: Registration failed</skipped></testcase><testcase classname="tests.test_quality_features.TestDataEndpoints" name="test_get_orders" time="0.333"><skipped type="pytest.skip" message="Failed to register test user">/app/backend/tests/test_quality_features.py:329: Failed to register test user</skipped></testcase><testcase classname="tests.test_quality_features.TestDataEndpoints" name="test_get_work_centers" time="0.125"><skipped type="pytest.skip" message="Failed to register test user">/app/backend/tests/test_quality_features.py:337: Failed to register test user</skipped></testcase><testcase classname="tests.test_quality_features.TestDataEndpoints" name="test_get_parts" time="0.110"><skipped type="pytest.skip" message="Failed to register test user">/app/backend/tests/test_quality_features.py:345: Failed to register test user</skipped></testcase></testsuite></testsuites>